Building DAG of jobs...
Using shell: /usr/bin/bash
Provided cores: 10
Rules claiming more threads will be scaled down.
Job stats:
job                 count
----------------  -------
all                     1
data_prep               1
figure1                 1
figure2                 1
gsea                    1
gsea_interaction        1
limma                   1
total                   7

Select jobs to execute...

[Wed Aug  6 09:09:17 2025]
rule data_prep:
    input: R/settings.R, data-raw/proteomic_data.csv, data-raw/design.xlsx, data-raw/keywords.xlsx, data-raw/mitocarta.xls
    output: data/metadata.rds, data/se_raw.rds, data/se.rds, data/df_long.rds, data/df_long_l2fc.rds, data/df_long_l2fc_mean.rds
    jobid: 1
    reason: Code has changed since last execution
    resources: tmpdir=/tmp

[Wed Aug  6 09:09:32 2025]
Finished job 1.
1 of 7 steps (14%) done
Select jobs to execute...

[Wed Aug  6 09:09:32 2025]
rule limma:
    input: data/se.rds
    output: data/results_main.rds, data/results_i.rds, data/results_ii.rds, data/results_interaction.rds, data/results_ter_main.rds, data/results_ter_i.rds, data/results_ter_ii.rds, data/results_ter_interaction.rds, data/results_res_main.rds, data/results_res_i.rds, data/results_res_ii.rds, data/results_res_interaction.rds, data/results.rds, data/results_i_and_ii_interaction.rds, data/results_i_interaction.rds, data/results_ii_interaction.rds, data/results_myh_ii_vs_i.rds
    jobid: 2
    reason: Input files updated by another job: data/se.rds
    resources: tmpdir=/tmp

[Wed Aug  6 09:09:59 2025]
Finished job 2.
2 of 7 steps (29%) done
Select jobs to execute...

[Wed Aug  6 09:09:59 2025]
rule figure1:
    input: R/functions.R, R/settings.R, data/df_long.rds, data/results_myh_ii_vs_i.rds, data/se_raw.rds, data/se.rds, data/metadata.rds
    output: data/myh_distribution.csv, data/figures/figure1/myh_distribution.svg, data/figures/figure1/venn_myh.svg, data/figures/figure1/median_log10_intensity.svg, data/figures/figure1/myh_volcano.svg, data/figures/figure1/PCA.svg, data/figures/figure1/loadings.svg
    jobid: 6
    reason: Input files updated by another job: data/df_long.rds, data/se_raw.rds, data/metadata.rds, data/results_myh_ii_vs_i.rds, data/se.rds
    resources: tmpdir=/tmp

[Wed Aug  6 09:09:59 2025]
rule gsea:
    input: R/settings.R, data/results_res_main.rds, data/results_res_i.rds, data/results_res_ii.rds, data/results_res_interaction.rds, data/results_ter_main.rds, data/results_ter_i.rds, data/results_ter_ii.rds, data/results_ter_interaction.rds
    output: data/gsea_res_i.rds, data/gsea_res_ii.rds, data/gsea_ter_i.rds, data/gsea_ter_ii.rds, data/gsea_all.rds, data/gsea/gsea_results_res_i.csv, data/gsea/gsea_results_res_ii.csv, data/gsea/gsea_results_ter_i.csv, data/gsea/gsea_results_ter_ii.csv, data/gsea/gsea_results_all.csv
    jobid: 3
    reason: Input files updated by another job: data/results_res_interaction.rds, data/results_res_i.rds, data/results_res_ii.rds, data/results_ter_main.rds, data/results_ter_i.rds, data/results_ter_ii.rds, data/results_ter_interaction.rds, data/results_res_main.rds
    resources: tmpdir=/tmp


[Wed Aug  6 09:09:59 2025]
rule gsea_interaction:
    input: R/settings.R, data/results_i_and_ii_interaction.rds, data/results_i_interaction.rds, data/results_ii_interaction.rds
    output: data/gsea_i_and_ii_interaction.rds, data/gsea_i_interaction.rds, data/gsea_ii_interaction.rds, data/gsea/gsea_results_i_and_ii_interaction.csv, data/gsea/gsea_results_i_interaction.csv, data/gsea/gsea_results_ii_interaction.csv
    jobid: 5
    reason: Input files updated by another job: data/results_ii_interaction.rds, data/results_i_and_ii_interaction.rds, data/results_i_interaction.rds
    resources: tmpdir=/tmp

[Wed Aug  6 09:10:13 2025]
Finished job 6.
3 of 7 steps (43%) done
[Wed Aug  6 09:11:01 2025]
Finished job 3.
4 of 7 steps (57%) done
Select jobs to execute...

[Wed Aug  6 09:11:01 2025]
rule figure2:
    input: R/functions.R, R/settings.R, data/df_long_l2fc.rds, data/df_long_l2fc_mean.rds, data/results_main.rds, data/results_i.rds, data/results_ii.rds, data/results_interaction.rds, data/results_ter_main.rds, data/results_ter_i.rds, data/results_ter_ii.rds, data/results_ter_interaction.rds, data/results_res_main.rds, data/results_res_i.rds, data/results_res_ii.rds, data/results_res_interaction.rds, data/gsea_all.rds
    output: data/top25_upregulated.csv, data/myh6_abundances.csv, data/correlations_i_vs_ii.csv, data/correlations_res_vs_b2a.csv, data/figures/figure2/volcanoes.svg, data/figures/figure2/venn.svg, data/figures/figure2/top25_upregulated.svg, data/figures/figure2/myh6.svg, data/figures/figure2/cor_i_vs_ii.svg, data/figures/figure2/cor_res_vs_b2a.svg, data/figures/figure2/gsea.svg
    jobid: 0
    reason: Input files updated by another job: data/results_i.rds, data/results_res_interaction.rds, data/df_long_l2fc.rds, data/results_interaction.rds, data/results_main.rds, data/results_res_i.rds, data/results_ii.rds, data/results_res_ii.rds, data/results_ter_main.rds, data/results_ter_i.rds, data/gsea_all.rds, data/results_ter_ii.rds, data/results_ter_interaction.rds, data/results_res_main.rds, data/df_long_l2fc_mean.rds
    resources: tmpdir=/tmp

[Wed Aug  6 09:11:09 2025]
Finished job 5.
5 of 7 steps (71%) done
Select jobs to execute...

[Wed Aug  6 09:11:09 2025]
localrule all:
    input: data/results.rds, data/results_i_and_ii_interaction.rds, data/results_i_interaction.rds, data/results_ii_interaction.rds, data/results_myh_ii_vs_i.rds, data/gsea_res_i.rds, data/gsea_res_ii.rds, data/gsea_ter_i.rds, data/gsea_ter_ii.rds, data/gsea_all.rds, data/gsea_i_and_ii_interaction.rds, data/gsea_i_interaction.rds, data/gsea_ii_interaction.rds, data/gsea/gsea_results_res_i.csv, data/gsea/gsea_results_res_ii.csv, data/gsea/gsea_results_ter_i.csv, data/gsea/gsea_results_ter_ii.csv, data/gsea/gsea_results_all.csv, data/gsea/gsea_results_i_and_ii_interaction.csv, data/gsea/gsea_results_i_interaction.csv, data/gsea/gsea_results_ii_interaction.csv, data/myh_distribution.csv, data/figures/figure1/myh_distribution.svg, data/figures/figure1/venn_myh.svg, data/figures/figure1/median_log10_intensity.svg, data/figures/figure1/myh_volcano.svg, data/figures/figure1/PCA.svg, data/figures/figure1/loadings.svg
    jobid: 4
    reason: Input files updated by another job: data/results.rds, data/gsea_ter_ii.rds, data/gsea/gsea_results_i_interaction.csv, data/gsea/gsea_results_res_i.csv, data/figures/figure1/PCA.svg, data/figures/figure1/loadings.svg, data/gsea_res_ii.rds, data/gsea_ter_i.rds, data/gsea/gsea_results_ter_ii.csv, data/gsea_ii_interaction.rds, data/results_i_and_ii_interaction.rds, data/myh_distribution.csv, data/figures/figure1/myh_distribution.svg, data/figures/figure1/myh_volcano.svg, data/gsea/gsea_results_all.csv, data/gsea/gsea_results_ter_i.csv, data/gsea/gsea_results_i_and_ii_interaction.csv, data/gsea/gsea_results_ii_interaction.csv, data/figures/figure1/venn_myh.svg, data/gsea_i_interaction.rds, data/results_ii_interaction.rds, data/gsea_i_and_ii_interaction.rds, data/results_myh_ii_vs_i.rds, data/gsea_all.rds, data/gsea_res_i.rds, data/figures/figure1/median_log10_intensity.svg, data/gsea/gsea_results_res_ii.csv, data/results_i_interaction.rds
    resources: tmpdir=/tmp

[Wed Aug  6 09:11:09 2025]
Finished job 4.
6 of 7 steps (86%) done
[Wed Aug  6 09:11:12 2025]
Error in rule figure2:
    jobid: 0
    input: R/functions.R, R/settings.R, data/df_long_l2fc.rds, data/df_long_l2fc_mean.rds, data/results_main.rds, data/results_i.rds, data/results_ii.rds, data/results_interaction.rds, data/results_ter_main.rds, data/results_ter_i.rds, data/results_ter_ii.rds, data/results_ter_interaction.rds, data/results_res_main.rds, data/results_res_i.rds, data/results_res_ii.rds, data/results_res_interaction.rds, data/gsea_all.rds
    output: data/top25_upregulated.csv, data/myh6_abundances.csv, data/correlations_i_vs_ii.csv, data/correlations_res_vs_b2a.csv, data/figures/figure2/volcanoes.svg, data/figures/figure2/venn.svg, data/figures/figure2/top25_upregulated.svg, data/figures/figure2/myh6.svg, data/figures/figure2/cor_i_vs_ii.svg, data/figures/figure2/cor_res_vs_b2a.svg, data/figures/figure2/gsea.svg

RuleException:
CalledProcessError in file /home/sj/repos/manuscript_beta2_single_fiber_snakemake/snakefile, line 218:
Command 'set -euo pipefail;  Rscript --vanilla /home/sj/repos/manuscript_beta2_single_fiber_snakemake/.snakemake/scripts/tmp7ml38mqz.figure2.R' returned non-zero exit status 1.
  File "/home/sj/repos/manuscript_beta2_single_fiber_snakemake/snakefile", line 218, in __rule_figure2
  File "/home/sj/miniforge3/envs/snakemake_env/lib/python3.11/concurrent/futures/thread.py", line 58, in run
Shutting down, this might take some time.
Exiting because a job execution failed. Look above for error message
Complete log: .snakemake/log/2025-08-06T090917.576990.snakemake.log
