Building DAG of jobs...
Using shell: /usr/bin/bash
Provided cores: 10
Rules claiming more threads will be scaled down.
Job stats:
job        count
-------  -------
figure1        1
total          1

Select jobs to execute...

[Tue Aug  5 15:04:25 2025]
localrule figure1:
    input: R/functions.R, R/settings.R, data/df_long.rds, data/results_myh_ii_vs_i.rds, data/se_raw.rds, data/se.rds, data/metadata.rds
    output: data/myh_distribution.csv, data/figures/figure1/myh_distribution.svg
    jobid: 0
    reason: Forced execution
    resources: tmpdir=/tmp

Waiting at most 60 seconds for missing files.
Terminating processes on user request, this might take some time.
Complete log: .snakemake/log/2025-08-05T150425.151988.snakemake.log
