Building DAG of jobs...
Using shell: /usr/bin/bash
Provided cores: 1 (use --cores to define parallelism)
Rules claiming more threads will be scaled down.
Job stats:
job          count
---------  -------
data_prep        1
total            1

Select jobs to execute...

[Tue Aug  5 09:11:46 2025]
rule data_prep:
    input: data-raw/proteomic_data.csv, data-raw/design.xlsx, data-raw/keywords.xlsx, data-raw/mitocarta.xls
    output: data/metadata.rda, data/se_raw.rda, data/se.rda, data/df_long.rda, data/df_long_l2fc.rda, data/df_long_l2fc_mean.rda
    jobid: 0
    reason: Missing output files: data/metadata.rda, data/se.rda, data/df_long.rda, data/df_long_l2fc_mean.rda, data/df_long_l2fc.rda, data/se_raw.rda
    resources: tmpdir=/tmp

[Tue Aug  5 09:12:54 2025]
Finished job 0.
1 of 1 steps (100%) done
Complete log: .snakemake/log/2025-08-05T091145.787593.snakemake.log
