Building DAG of jobs...
Provided cores: 1 (use --cores to define parallelism)
Rules claiming more threads will be scaled down.
Job stats:
job             count
------------  -------
renv_restore        1
total               1

Select jobs to execute...

[Mon Aug  4 12:54:07 2025]
rule renv_restore:
    jobid: 0
    reason: Rules with neither input nor output files are always executed.
    resources: tmpdir=C:\Users\SRENJE~1\AppData\Local\Temp

[Mon Aug  4 12:54:52 2025]
Error in rule renv_restore:
    jobid: 0
    shell:
        Rscript -e "renv::restore()"
        (one of the commands exited with non-zero exit code; note that snakemake uses bash strict mode!)

Shutting down, this might take some time.
Exiting because a job execution failed. Look above for error message
Complete log: .snakemake\log\2025-08-04T125406.481638.snakemake.log
