Building DAG of jobs...
Using shell: /usr/bin/bash
Provided cores: 6
Rules claiming more threads will be scaled down.
Job stats:
job      count
-----  -------
all          1
limma        1
total        2

Select jobs to execute...

[Tue Aug  5 09:38:43 2025]
rule limma:
    input: data/se.rda
    output: data/results_main.rda, data/results_i.rda, data/results_ii.rda, data/results_interaction.rda, data/results_ter_main.rda, data/results_ter_i.rda, data/results_ter_ii.rda, data/results_ter_interaction.rda, data/results_res_main.rda, data/results_res_i.rda, data/results_res_ii.rda, data/results_res_interaction.rda, data/results.rda, data/results_i_and_ii_interaction.rda, data/results_i_interaction.rda, data/results_ii_interaction.rda, data/results_myh_ii_vs_i.rda
    jobid: 1
    reason: Updated input files: data/se.rda
    resources: tmpdir=/tmp

[Tue Aug  5 09:39:10 2025]
Finished job 1.
1 of 2 steps (50%) done
Select jobs to execute...

[Tue Aug  5 09:39:10 2025]
localrule all:
    input: data/results.rda
    jobid: 0
    reason: Input files updated by another job: data/results.rda
    resources: tmpdir=/tmp

[Tue Aug  5 09:39:10 2025]
Finished job 0.
2 of 2 steps (100%) done
Complete log: .snakemake/log/2025-08-05T093843.686266.snakemake.log
