Building DAG of jobs...
Using shell: /usr/bin/bash
Provided cores: 10
Rules claiming more threads will be scaled down.
Job stats:
job        count
-------  -------
figure1        1
total          1

Select jobs to execute...

[Tue Aug  5 14:05:47 2025]
localrule figure1:
    input: R/functions.R, R/settings.R, data/df_long.rds, data/results_myh_ii_vs_i.rds, data/se_raw.rds, data/se.rds, data/metadata.rds
    output: data/myh_distribution.csv, data/figures/figure1/myh_distribution.png, data/figures/figure1/venn_myh.png, data/figures/figure1/median_log10_intensity.png, data/figures/figure1/myh_volcano.png, data/figures/figure1/PCA.png, data/figures/figure1/loadings.png
    jobid: 0
    reason: Missing output files: data/figures/figure1/PCA.png, data/figures/figure1/loadings.png, data/figures/figure1/median_log10_intensity.png, data/myh_distribution.csv, data/figures/figure1/myh_volcano.png, data/figures/figure1/venn_myh.png, data/figures/figure1/myh_distribution.png
    resources: tmpdir=/tmp

Waiting at most 5 seconds for missing files.
MissingOutputException in rule figure1 in file /home/sj/repos/manuscript_beta2_single_fiber_snakemake/snakefile, line 150:
Job 0 completed successfully, but some output files are missing. Missing files after 5 seconds. This might be due to filesystem latency. If that is the case, consider to increase the wait time with --latency-wait:
data/myh_distribution.csv
data/figures/figure1/myh_distribution.png
data/figures/figure1/venn_myh.png
data/figures/figure1/median_log10_intensity.png
data/figures/figure1/myh_volcano.png
data/figures/figure1/PCA.png
data/figures/figure1/loadings.png
Shutting down, this might take some time.
Exiting because a job execution failed. Look above for error message
Complete log: .snakemake/log/2025-08-05T140547.775196.snakemake.log
