Building DAG of jobs...
Using shell: /usr/bin/bash
Provided cores: 10
Rules claiming more threads will be scaled down.
Job stats:
job        count
-------  -------
figure2        1
total          1

Select jobs to execute...

[Wed Aug  6 10:11:22 2025]
rule figure2:
    input: R/functions.R, R/settings.R, data/df_long.rds, data/df_long_l2fc.rds, data/df_long_l2fc_mean.rds, data/results_main.rds, data/results_i.rds, data/results_ii.rds, data/results_interaction.rds, data/results_ter_main.rds, data/results_ter_i.rds, data/results_ter_ii.rds, data/results_ter_interaction.rds, data/results_res_main.rds, data/results_res_i.rds, data/results_res_ii.rds, data/results_res_interaction.rds, data/gsea_all.rds
    output: data/top25_upregulated.csv, data/myh6_abundances.csv, data/correlations_i_vs_ii.csv, data/correlations_res_vs_b2a.csv, data/figures/figure2/volcanoes.svg, data/figures/figure2/venn.svg, data/figures/figure2/top25_upregulated.svg, data/figures/figure2/myh6.svg, data/figures/figure2/cor_i_vs_ii.svg, data/figures/figure2/cor_res_vs_b2a.svg, data/figures/figure2/gsea.svg
    jobid: 0
    reason: Code has changed since last execution
    resources: tmpdir=/tmp

[Wed Aug  6 10:11:36 2025]
Finished job 0.
1 of 1 steps (100%) done
Complete log: .snakemake/log/2025-08-06T101121.805163.snakemake.log
