Building DAG of jobs...
Using shell: /usr/bin/bash
Provided cores: 10
Rules claiming more threads will be scaled down.
Job stats:
job                 count
----------------  -------
all                     1
figure1                 1
gsea_interaction        1
total                   3

Select jobs to execute...

[Tue Aug  5 11:39:26 2025]
localrule figure1:
    input: R/functions.R, R/settings.R, data/df_long.rds, data/results_myh_ii_vs_i.rds, data/se_raw.rds, data/se.rds, data/metadata.rds
    output: data/myh_distribution.csv, data/figures/figure1/myh_distribution.svg, data/figures/figure1/venn_myh.svg, data/figures/figure1/median_log10_intensity.svg, data/figures/figure1/myh_volcano.svg, data/figures/figure1/PCA.svg, data/figures/figure1/loadings.svg
    jobid: 5
    reason: Missing output files: data/myh_distribution.csv, data/figures/figure1/venn_myh.svg, data/figures/figure1/myh_volcano.svg, data/figures/figure1/median_log10_intensity.svg, data/figures/figure1/myh_distribution.svg, data/figures/figure1/loadings.svg, data/figures/figure1/PCA.svg
    resources: tmpdir=/tmp

[Tue Aug  5 11:39:26 2025]
rule gsea_interaction:
    input: data/results_i_and_ii_interaction.rds, data/results_i_interaction.rds, data/results_ii_interaction.rds, R/settings.R
    output: data/gsea_i_and_ii_interaction.rds, data/gsea_i_interaction.rds, data/gsea_ii_interaction.rds, data/gsea/gsea_results_i_and_ii_interaction, data/gsea/gsea_results_i_interaction, data/gsea/gsea_results_ii_interaction
    jobid: 4
    reason: Missing output files: data/gsea_i_interaction.rds, data/gsea_ii_interaction.rds, data/gsea_i_and_ii_interaction.rds, data/gsea/gsea_results_i_and_ii_interaction, data/gsea/gsea_results_i_interaction, data/gsea/gsea_results_ii_interaction
    resources: tmpdir=/tmp

Waiting at most 90 seconds for missing files.
[Tue Aug  5 11:40:27 2025]
Error in rule gsea_interaction:
    jobid: 4
    input: data/results_i_and_ii_interaction.rds, data/results_i_interaction.rds, data/results_ii_interaction.rds, R/settings.R
    output: data/gsea_i_and_ii_interaction.rds, data/gsea_i_interaction.rds, data/gsea_ii_interaction.rds, data/gsea/gsea_results_i_and_ii_interaction, data/gsea/gsea_results_i_interaction, data/gsea/gsea_results_ii_interaction

RuleException:
CalledProcessError in file /home/sj/repos/manuscript_beta2_single_fiber_snakemake/snakefile, line 148:
Command 'set -euo pipefail;  Rscript --vanilla /home/sj/repos/manuscript_beta2_single_fiber_snakemake/.snakemake/scripts/tmp1qmqihh3.gsea_interaction.R' returned non-zero exit status 1.
  File "/home/sj/repos/manuscript_beta2_single_fiber_snakemake/snakefile", line 148, in __rule_gsea_interaction
  File "/home/sj/miniforge3/envs/snakemake_env/lib/python3.11/concurrent/futures/thread.py", line 58, in run
MissingOutputException in rule figure1 in file /home/sj/repos/manuscript_beta2_single_fiber_snakemake/snakefile, line 150:
Job 5  completed successfully, but some output files are missing. Missing files after 90 seconds. This might be due to filesystem latency. If that is the case, consider to increase the wait time with --latency-wait:
data/myh_distribution.csv
data/figures/figure1/myh_distribution.svg
data/figures/figure1/venn_myh.svg
data/figures/figure1/median_log10_intensity.svg
data/figures/figure1/myh_volcano.svg
data/figures/figure1/PCA.svg
data/figures/figure1/loadings.svg
Removing output files of failed job gsea_interaction since they might be corrupted:
data/gsea_i_and_ii_interaction.rds, data/gsea_i_interaction.rds, data/gsea_ii_interaction.rds
Shutting down, this might take some time.
Exiting because a job execution failed. Look above for error message
Complete log: .snakemake/log/2025-08-05T113926.187916.snakemake.log
