Building DAG of jobs...
Provided cores: 1 (use --cores to define parallelism)
Rules claiming more threads will be scaled down.
Job stats:
job             count
------------  -------
renv_consent        1
total               1

Select jobs to execute...

[Mon Aug  4 12:37:21 2025]
rule renv_consent:
    jobid: 0
    reason: Rules with neither input nor output files are always executed.
    resources: tmpdir=C:\Users\SRENJE~1\AppData\Local\Temp

[Mon Aug  4 12:38:03 2025]
Error in rule renv_consent:
    jobid: 0
    shell:
        R -e 'renv::consent(provided = TRUE)'
        (one of the commands exited with non-zero exit code; note that snakemake uses bash strict mode!)

Shutting down, this might take some time.
Exiting because a job execution failed. Look above for error message
Complete log: .snakemake\log\2025-08-04T123720.771352.snakemake.log
