Building DAG of jobs...
Using shell: /usr/bin/bash
Provided cores: 10
Rules claiming more threads will be scaled down.
Job stats:
job      count
-----  -------
gsea         1
total        1

Select jobs to execute...

[Tue Aug  5 13:33:16 2025]
rule gsea:
    input: data/results_res_main.rds, data/results_res_i.rds, data/results_res_ii.rds, data/results_res_interaction.rds, data/results_ter_main.rds, data/results_ter_i.rds, data/results_ter_ii.rds, data/results_ter_interaction.rds, R/settings.R
    output: data/gsea_res_i.rds, data/gsea_res_ii.rds, data/gsea_ter_i.rds, data/gsea_ter_ii.rds, data/gsea_all.rds, data/gsea/gsea_results_res_i, data/gsea/gsea_results_res_ii, data/gsea/gsea_results_ter_i, data/gsea/gsea_results_ter_ii, data/gsea/gsea_results_all
    jobid: 0
    reason: Code has changed since last execution
    resources: tmpdir=/tmp

[Tue Aug  5 13:34:18 2025]
Error in rule gsea:
    jobid: 0
    input: data/results_res_main.rds, data/results_res_i.rds, data/results_res_ii.rds, data/results_res_interaction.rds, data/results_ter_main.rds, data/results_ter_i.rds, data/results_ter_ii.rds, data/results_ter_interaction.rds, R/settings.R
    output: data/gsea_res_i.rds, data/gsea_res_ii.rds, data/gsea_ter_i.rds, data/gsea_ter_ii.rds, data/gsea_all.rds, data/gsea/gsea_results_res_i, data/gsea/gsea_results_res_ii, data/gsea/gsea_results_ter_i, data/gsea/gsea_results_ter_ii, data/gsea/gsea_results_all

RuleException:
CalledProcessError in file /home/sj/repos/manuscript_beta2_single_fiber_snakemake/snakefile, line 126:
Command 'set -euo pipefail;  Rscript --vanilla /home/sj/repos/manuscript_beta2_single_fiber_snakemake/.snakemake/scripts/tmp02ihzrup.gsea.R' returned non-zero exit status 1.
  File "/home/sj/repos/manuscript_beta2_single_fiber_snakemake/snakefile", line 126, in __rule_gsea
  File "/home/sj/miniforge3/envs/snakemake_env/lib/python3.11/concurrent/futures/thread.py", line 58, in run
Removing output files of failed job gsea since they might be corrupted:
data/gsea_res_i.rds, data/gsea_res_ii.rds, data/gsea_ter_i.rds, data/gsea_ter_ii.rds
Shutting down, this might take some time.
Exiting because a job execution failed. Look above for error message
Complete log: .snakemake/log/2025-08-05T133316.075768.snakemake.log
