Building DAG of jobs...
Using shell: /usr/bin/bash
Provided cores: 10
Rules claiming more threads will be scaled down.
Job stats:
job        count
-------  -------
all            1
figure1        1
figure2        1
figure3        1
gsea           1
total          5

Select jobs to execute...

[Wed Aug  6 11:18:29 2025]
rule figure3:
    input: R/functions.R, R/settings.R, data/df_long.rds, data/df_long_l2fc.rds, data/results_i_and_ii_interaction.rds, data/results_i_interaction.rds, data/results_ii_interaction.rds, data/gsea_i_and_ii_interaction.rds, data/gsea_i_interaction.rds, data/gsea_ii_interaction.rds
    output: data/figures/figure3/volcanoes.svg, data/figures/figure3/gsea.svg, data/figures/figure3/ribosomal_proteins.svg, data/figures/figure3/mitochondrial_proteins.svg, data/figures/figure3/structural_go_terms.svg, data/figures/figure3/metabolic_go_terms.svg
    jobid: 7
    reason: Forced execution
    resources: tmpdir=/tmp

[Wed Aug  6 11:18:29 2025]
rule gsea:
    input: R/settings.R, data/results_res_main.rds, data/results_res_i.rds, data/results_res_ii.rds, data/results_res_interaction.rds, data/results_ter_main.rds, data/results_ter_i.rds, data/results_ter_ii.rds, data/results_ter_interaction.rds
    output: data/gsea_res_i.rds, data/gsea_res_ii.rds, data/gsea_ter_i.rds, data/gsea_ter_ii.rds, data/gsea_all.rds, data/gsea/gsea_results_res_i.csv, data/gsea/gsea_results_res_ii.csv, data/gsea/gsea_results_ter_i.csv, data/gsea/gsea_results_ter_ii.csv, data/gsea/gsea_results_all.csv
    jobid: 3
    reason: Updated input files: data/results_res_main.rds, data/results_ter_main.rds, data/results_ter_i.rds, data/results_res_interaction.rds, data/results_res_i.rds, data/results_res_ii.rds, data/results_ter_ii.rds, data/results_ter_interaction.rds, R/settings.R
    resources: tmpdir=/tmp

[Wed Aug  6 11:18:29 2025]
rule figure1:
    input: R/functions.R, R/settings.R, data/df_long.rds, data/results_myh_ii_vs_i.rds, data/se_raw.rds, data/se.rds, data/metadata.rds
    output: data/myh_distribution.csv, data/figures/figure1/myh_distribution.svg, data/figures/figure1/venn_myh.svg, data/figures/figure1/median_log10_intensity.svg, data/figures/figure1/myh_volcano.svg, data/figures/figure1/PCA.svg, data/figures/figure1/loadings.svg
    jobid: 5
    reason: Updated input files: R/functions.R, data/se_raw.rds, data/df_long.rds, data/results_myh_ii_vs_i.rds, R/settings.R, data/se.rds
    resources: tmpdir=/tmp

[Wed Aug  6 11:18:41 2025]
Finished job 5.
1 of 5 steps (20%) done
[Wed Aug  6 11:19:29 2025]
Finished job 3.
2 of 5 steps (40%) done
Select jobs to execute...

[Wed Aug  6 11:19:29 2025]
rule figure2:
    input: R/functions.R, R/settings.R, data/df_long.rds, data/df_long_l2fc.rds, data/df_long_l2fc_mean.rds, data/results_main.rds, data/results_i.rds, data/results_ii.rds, data/results_interaction.rds, data/results_ter_main.rds, data/results_ter_i.rds, data/results_ter_ii.rds, data/results_ter_interaction.rds, data/results_res_main.rds, data/results_res_i.rds, data/results_res_ii.rds, data/results_res_interaction.rds, data/gsea_all.rds
    output: data/top25_upregulated.csv, data/myh6_abundances.csv, data/correlations_i_vs_ii.csv, data/correlations_res_vs_b2a.csv, data/figures/figure2/volcanoes.svg, data/figures/figure2/venn.svg, data/figures/figure2/top25_upregulated.svg, data/figures/figure2/myh6.svg, data/figures/figure2/cor_i_vs_ii.svg, data/figures/figure2/cor_res_vs_b2a.svg, data/figures/figure2/gsea.svg
    jobid: 6
    reason: Input files updated by another job: data/gsea_all.rds
    resources: tmpdir=/tmp

[Wed Aug  6 11:19:34 2025]
Error in rule figure2:
    jobid: 6
    input: R/functions.R, R/settings.R, data/df_long.rds, data/df_long_l2fc.rds, data/df_long_l2fc_mean.rds, data/results_main.rds, data/results_i.rds, data/results_ii.rds, data/results_interaction.rds, data/results_ter_main.rds, data/results_ter_i.rds, data/results_ter_ii.rds, data/results_ter_interaction.rds, data/results_res_main.rds, data/results_res_i.rds, data/results_res_ii.rds, data/results_res_interaction.rds, data/gsea_all.rds
    output: data/top25_upregulated.csv, data/myh6_abundances.csv, data/correlations_i_vs_ii.csv, data/correlations_res_vs_b2a.csv, data/figures/figure2/volcanoes.svg, data/figures/figure2/venn.svg, data/figures/figure2/top25_upregulated.svg, data/figures/figure2/myh6.svg, data/figures/figure2/cor_i_vs_ii.svg, data/figures/figure2/cor_res_vs_b2a.svg, data/figures/figure2/gsea.svg

RuleException:
CalledProcessError in file /home/sj/repos/manuscript_beta2_single_fiber_snakemake/snakefile, line 234:
Command 'set -euo pipefail;  Rscript --vanilla /home/sj/repos/manuscript_beta2_single_fiber_snakemake/.snakemake/scripts/tmpqgdf2nx9.figure2.R' returned non-zero exit status 1.
  File "/home/sj/repos/manuscript_beta2_single_fiber_snakemake/snakefile", line 234, in __rule_figure2
  File "/home/sj/miniforge3/envs/snakemake_env/lib/python3.11/concurrent/futures/thread.py", line 58, in run
[Wed Aug  6 11:19:45 2025]
Finished job 7.
3 of 5 steps (60%) done
Shutting down, this might take some time.
Exiting because a job execution failed. Look above for error message
Complete log: .snakemake/log/2025-08-06T111828.855534.snakemake.log
