Building DAG of jobs...
Using shell: /usr/bin/bash
Provided cores: 10
Rules claiming more threads will be scaled down.
Job stats:
job        count
-------  -------
all            1
figure1        1
total          2

Select jobs to execute...

[Tue Aug  5 13:51:36 2025]
localrule figure1:
    input: R/functions.R, R/settings.R, data/df_long.rds, data/results_myh_ii_vs_i.rds, data/se_raw.rds, data/se.rds, data/metadata.rds
    output: data/myh_distribution.csv, data/figures/figure1/myh_distribution.svg, data/figures/figure1/venn_myh.svg, data/figures/figure1/median_log10_intensity.svg, data/figures/figure1/myh_volcano.svg, data/figures/figure1/PCA.svg, data/figures/figure1/loadings.svg
    jobid: 5
    reason: Missing output files: data/figures/figure1/PCA.svg, data/figures/figure1/myh_volcano.svg, data/figures/figure1/median_log10_intensity.svg, data/myh_distribution.csv, data/figures/figure1/venn_myh.svg, data/figures/figure1/myh_distribution.svg, data/figures/figure1/loadings.svg
    resources: tmpdir=/tmp

Waiting at most 5 seconds for missing files.
MissingOutputException in rule figure1 in file /home/sj/repos/manuscript_beta2_single_fiber_snakemake/snakefile, line 150:
Job 5  completed successfully, but some output files are missing. Missing files after 5 seconds. This might be due to filesystem latency. If that is the case, consider to increase the wait time with --latency-wait:
data/myh_distribution.csv
data/figures/figure1/myh_distribution.svg
data/figures/figure1/venn_myh.svg
data/figures/figure1/median_log10_intensity.svg
data/figures/figure1/myh_volcano.svg
data/figures/figure1/PCA.svg
data/figures/figure1/loadings.svg
Shutting down, this might take some time.
Exiting because a job execution failed. Look above for error message
Complete log: .snakemake/log/2025-08-05T135136.221200.snakemake.log
