Building DAG of jobs...
Using shell: /usr/bin/bash
Provided cores: 10
Rules claiming more threads will be scaled down.
Job stats:
job                 count
----------------  -------
data_prep               1
figure3                 1
gsea_interaction        1
limma                   1
total                   4

Select jobs to execute...

[Wed Aug  6 11:12:26 2025]
rule data_prep:
    input: R/settings.R, data-raw/proteomic_data.csv, data-raw/design.xlsx, data-raw/keywords.xlsx, data-raw/mitocarta.xls
    output: data/metadata.rds, data/se_raw.rds, data/se.rds, data/df_long.rds, data/df_long_l2fc.rds, data/df_long_l2fc_mean.rds
    jobid: 1
    reason: Updated input files: R/settings.R
    resources: tmpdir=/tmp

[Wed Aug  6 11:12:43 2025]
Finished job 1.
1 of 4 steps (25%) done
Select jobs to execute...

[Wed Aug  6 11:12:43 2025]
rule limma:
    input: data/se.rds
    output: data/results_main.rds, data/results_i.rds, data/results_ii.rds, data/results_interaction.rds, data/results_ter_main.rds, data/results_ter_i.rds, data/results_ter_ii.rds, data/results_ter_interaction.rds, data/results_res_main.rds, data/results_res_i.rds, data/results_res_ii.rds, data/results_res_interaction.rds, data/results.rds, data/results_i_and_ii_interaction.rds, data/results_i_interaction.rds, data/results_ii_interaction.rds, data/results_myh_ii_vs_i.rds
    jobid: 2
    reason: Input files updated by another job: data/se.rds
    resources: tmpdir=/tmp

[Wed Aug  6 11:13:11 2025]
Finished job 2.
2 of 4 steps (50%) done
Select jobs to execute...

[Wed Aug  6 11:13:11 2025]
rule gsea_interaction:
    input: R/settings.R, data/results_i_and_ii_interaction.rds, data/results_i_interaction.rds, data/results_ii_interaction.rds
    output: data/gsea_i_and_ii_interaction.rds, data/gsea_i_interaction.rds, data/gsea_ii_interaction.rds, data/gsea/gsea_results_i_and_ii_interaction.csv, data/gsea/gsea_results_i_interaction.csv, data/gsea/gsea_results_ii_interaction.csv
    jobid: 3
    reason: Input files updated by another job: data/results_i_interaction.rds, data/results_i_and_ii_interaction.rds, data/results_ii_interaction.rds
    resources: tmpdir=/tmp

[Wed Aug  6 11:14:16 2025]
Finished job 3.
3 of 4 steps (75%) done
Select jobs to execute...

[Wed Aug  6 11:14:16 2025]
rule figure3:
    input: R/functions.R, R/settings.R, data/df_long.rds, data/df_long_l2fc.rds, data/results_i_and_ii_interaction.rds, data/results_i_interaction.rds, data/results_ii_interaction.rds, data/gsea_i_and_ii_interaction.rds, data/gsea_i_interaction.rds, data/gsea_ii_interaction.rds
    output: data/figures/figure3/volcanoes.svg, data/figures/figure3/gsea.svg, data/figures/figure3/ribosomal_proteins.svg, data/figures/figure3/mitochondrial_proteins.svg, data/figures/figure3/structural_go_terms.svg, data/figures/figure3/metabolic_go_terms.svg
    jobid: 0
    reason: Input files updated by another job: data/gsea_i_and_ii_interaction.rds, data/gsea_ii_interaction.rds, data/results_i_and_ii_interaction.rds, data/results_ii_interaction.rds, data/gsea_i_interaction.rds, data/results_i_interaction.rds, data/df_long.rds, data/df_long_l2fc.rds
    resources: tmpdir=/tmp

[Wed Aug  6 11:15:31 2025]
Finished job 0.
4 of 4 steps (100%) done
Complete log: .snakemake/log/2025-08-06T111226.435604.snakemake.log
