Building DAG of jobs...
Using shell: /usr/bin/bash
Provided cores: 10
Rules claiming more threads will be scaled down.
Job stats:
job                 count
----------------  -------
all                     1
data_prep               1
figure1                 1
figure2                 1
figure3                 1
gsea                    1
gsea_interaction        1
limma                   1
total                   8

Select jobs to execute...

[Thu Aug  7 07:41:27 2025]
rule data_prep:
    input: R/settings.R, data-raw/proteomic_data.csv, data-raw/design.xlsx, data-raw/keywords.xlsx, data-raw/mitocarta.xls
    output: data/metadata.rds, data/se_raw.rds, data/se.rds, data/df_long.rds, data/df_long_l2fc.rds, data/df_long_l2fc_mean.rds
    jobid: 2
    reason: Missing output files: data/se.rds, data/df_long.rds, data/se_raw.rds, data/df_long_l2fc.rds, data/df_long_l2fc_mean.rds, data/metadata.rds
    resources: tmpdir=/tmp

[Thu Aug  7 07:41:55 2025]
Error in rule data_prep:
    jobid: 2
    input: R/settings.R, data-raw/proteomic_data.csv, data-raw/design.xlsx, data-raw/keywords.xlsx, data-raw/mitocarta.xls
    output: data/metadata.rds, data/se_raw.rds, data/se.rds, data/df_long.rds, data/df_long_l2fc.rds, data/df_long_l2fc_mean.rds

RuleException:
CalledProcessError in file /project/snakefile, line 77:
Command 'set -euo pipefail;  Rscript --vanilla /project/.snakemake/scripts/tmpjubb2fvb.data_preparation.R' returned non-zero exit status 1.
  File "/project/snakefile", line 77, in __rule_data_prep
  File "/opt/conda/envs/snakemake_env/lib/python3.11/concurrent/futures/thread.py", line 58, in run
Shutting down, this might take some time.
Exiting because a job execution failed. Look above for error message
Complete log: .snakemake/log/2025-08-07T074126.943122.snakemake.log
