Building DAG of jobs...
Using shell: /usr/bin/bash
Provided cores: 10
Rules claiming more threads will be scaled down.
Job stats:
job        count
-------  -------
figure3        1
total          1

Select jobs to execute...

[Wed Aug  6 11:06:12 2025]
rule figure3:
    input: R/functions.R, R/settings.R, data/df_long.rds, data/df_long_l2fc.rds, data/results_i_and_ii_interaction.rds, data/results_i_interaction.rds, data/results_ii_interaction.rds, data/gsea_i_and_ii_interaction.rds, data/gsea_i_interaction.rds, data/gsea_ii_interaction.rds
    output: data/figures/figure3/volcanoes.svg, data/figures/figure3/gsea.svg, data/figures/figure3/ribosomal_proteins.svg, data/figures/figure3/mitochondrial_proteins.svg, data/figures/figure3/structural_go_terms.svg, data/figures/figure3/metabolic_go_terms.svg
    jobid: 0
    reason: Missing output files: data/figures/figure3/gsea.svg, data/figures/figure3/structural_go_terms.svg, data/figures/figure3/mitochondrial_proteins.svg, data/figures/figure3/metabolic_go_terms.svg, data/figures/figure3/ribosomal_proteins.svg, data/figures/figure3/volcanoes.svg
    resources: tmpdir=/tmp

[Wed Aug  6 11:07:21 2025]
Finished job 0.
1 of 1 steps (100%) done
Complete log: .snakemake/log/2025-08-06T110612.364779.snakemake.log
