Building DAG of jobs...
Using shell: /usr/bin/bash
Provided cores: 10
Rules claiming more threads will be scaled down.
Job stats:
job        count
-------  -------
figure1        1
total          1

Select jobs to execute...

[Tue Aug  5 15:07:34 2025]
rule figure1:
    input: R/functions.R, R/settings.R, data/df_long.rds, data/results_myh_ii_vs_i.rds, data/se_raw.rds, data/se.rds, data/metadata.rds
    output: data/myh_distribution.csv, data/figures/figure1/myh_distribution.svg, data/figures/figure1/venn_myh.svg, data/figures/figure1/median_log10_intensity.svg, data/figures/figure1/myh_volcano.svg, data/figures/figure1/PCA.svg, data/figures/figure1/loadings.svg
    jobid: 0
    reason: Forced execution
    resources: tmpdir=/tmp

[Tue Aug  5 15:07:46 2025]
Finished job 0.
1 of 1 steps (100%) done
Complete log: .snakemake/log/2025-08-05T150733.794405.snakemake.log
