Building DAG of jobs...
Using shell: /usr/bin/bash
Provided cores: 10
Rules claiming more threads will be scaled down.
Job stats:
job        count
-------  -------
figure3        1
total          1

Select jobs to execute...

[Wed Aug  6 11:02:58 2025]
rule figure3:
    input: R/functions.R, R/settings.R, data/df_long.rds, data/df_long_l2fc.rds, data/results_i_and_ii_interaction.rds, data/results_i_interaction.rds, data/results_ii_interaction.rds, data/gsea_i_and_ii_interaction.rds, data/gsea_i_interaction.rds, data/gsea_ii_interaction.rds
    output: data/figures/figure3/volcanoes.svg, data/figures/figure3/gsea.svg, data/figures/figure3/ribosomal_proteins.svg, data/figures/figure3/mitochondrial_proteins.svg, data/figures/figure3/structural_go_terms.svg, data/figures/figure3/metabolic_go_terms.svg
    jobid: 0
    reason: Missing output files: data/figures/figure3/mitochondrial_proteins.svg, data/figures/figure3/ribosomal_proteins.svg, data/figures/figure3/metabolic_go_terms.svg, data/figures/figure3/gsea.svg, data/figures/figure3/volcanoes.svg, data/figures/figure3/structural_go_terms.svg
    resources: tmpdir=/tmp

Waiting at most 5 seconds for missing files.
MissingOutputException in rule figure3 in file /home/sj/repos/manuscript_beta2_single_fiber_snakemake/snakefile, line 236:
Job 0 completed successfully, but some output files are missing. Missing files after 5 seconds. This might be due to filesystem latency. If that is the case, consider to increase the wait time with --latency-wait:
data/figures/figure3/metabolic_go_terms.svg
Removing output files of failed job figure3 since they might be corrupted:
data/figures/figure3/volcanoes.svg, data/figures/figure3/gsea.svg, data/figures/figure3/ribosomal_proteins.svg, data/figures/figure3/mitochondrial_proteins.svg, data/figures/figure3/structural_go_terms.svg
Shutting down, this might take some time.
Exiting because a job execution failed. Look above for error message
Complete log: .snakemake/log/2025-08-06T110258.318997.snakemake.log
