Building DAG of jobs...
Using shell: /usr/bin/bash
Provided cores: 10
Rules claiming more threads will be scaled down.
Job stats:
job        count
-------  -------
all            1
figure2        1
figure3        1
total          3

Select jobs to execute...

[Wed Aug  6 11:20:37 2025]
rule figure3:
    input: R/functions.R, R/settings.R, data/df_long.rds, data/df_long_l2fc.rds, data/results_i_and_ii_interaction.rds, data/results_i_interaction.rds, data/results_ii_interaction.rds, data/gsea_i_and_ii_interaction.rds, data/gsea_i_interaction.rds, data/gsea_ii_interaction.rds
    output: data/figures/figure3/volcanoes.svg, data/figures/figure3/gsea.svg, data/figures/figure3/ribosomal_proteins.svg, data/figures/figure3/mitochondrial_proteins.svg, data/figures/figure3/structural_go_terms.svg, data/figures/figure3/metabolic_go_terms.svg
    jobid: 7
    reason: Forced execution
    resources: tmpdir=/tmp

[Wed Aug  6 11:20:37 2025]
rule figure2:
    input: R/functions.R, R/settings.R, data/df_long.rds, data/df_long_l2fc.rds, data/df_long_l2fc_mean.rds, data/results_main.rds, data/results_i.rds, data/results_ii.rds, data/results_interaction.rds, data/results_ter_main.rds, data/results_ter_i.rds, data/results_ter_ii.rds, data/results_ter_interaction.rds, data/results_res_main.rds, data/results_res_i.rds, data/results_res_ii.rds, data/results_res_interaction.rds, data/gsea_all.rds
    output: data/top25_upregulated.csv, data/myh6_abundances.csv, data/correlations_i_vs_ii.csv, data/correlations_res_vs_b2a.csv, data/figures/figure2/volcanoes.svg, data/figures/figure2/venn.svg, data/figures/figure2/top25_upregulated.svg, data/figures/figure2/myh6.svg, data/figures/figure2/cor_i_vs_ii.svg, data/figures/figure2/cor_res_vs_b2a.svg, data/figures/figure2/gsea.svg
    jobid: 6
    reason: Missing output files: data/figures/figure2/venn.svg, data/figures/figure2/gsea.svg, data/figures/figure2/myh6.svg, data/figures/figure2/cor_i_vs_ii.svg, data/figures/figure2/top25_upregulated.svg, data/top25_upregulated.csv, data/figures/figure2/volcanoes.svg, data/myh6_abundances.csv, data/correlations_i_vs_ii.csv, data/correlations_res_vs_b2a.csv, data/figures/figure2/cor_res_vs_b2a.svg
    resources: tmpdir=/tmp

[Wed Aug  6 11:20:47 2025]
Finished job 6.
1 of 3 steps (33%) done
[Wed Aug  6 11:21:51 2025]
Finished job 7.
2 of 3 steps (67%) done
Select jobs to execute...

[Wed Aug  6 11:21:51 2025]
localrule all:
    input: data/results.rds, data/results_i_and_ii_interaction.rds, data/results_i_interaction.rds, data/results_ii_interaction.rds, data/results_myh_ii_vs_i.rds, data/gsea_res_i.rds, data/gsea_res_ii.rds, data/gsea_ter_i.rds, data/gsea_ter_ii.rds, data/gsea_all.rds, data/gsea_i_and_ii_interaction.rds, data/gsea_i_interaction.rds, data/gsea_ii_interaction.rds, data/gsea/gsea_results_res_i.csv, data/gsea/gsea_results_res_ii.csv, data/gsea/gsea_results_ter_i.csv, data/gsea/gsea_results_ter_ii.csv, data/gsea/gsea_results_all.csv, data/gsea/gsea_results_i_and_ii_interaction.csv, data/gsea/gsea_results_i_interaction.csv, data/gsea/gsea_results_ii_interaction.csv, data/myh_distribution.csv, data/figures/figure1/myh_distribution.svg, data/figures/figure1/venn_myh.svg, data/figures/figure1/median_log10_intensity.svg, data/figures/figure1/myh_volcano.svg, data/figures/figure1/PCA.svg, data/figures/figure1/loadings.svg, data/top25_upregulated.csv, data/myh6_abundances.csv, data/correlations_i_vs_ii.csv, data/correlations_res_vs_b2a.csv, data/figures/figure2/volcanoes.svg, data/figures/figure2/venn.svg, data/figures/figure2/top25_upregulated.svg, data/figures/figure2/myh6.svg, data/figures/figure2/cor_i_vs_ii.svg, data/figures/figure2/cor_res_vs_b2a.svg, data/figures/figure2/gsea.svg, data/figures/figure3/volcanoes.svg, data/figures/figure3/gsea.svg, data/figures/figure3/ribosomal_proteins.svg, data/figures/figure3/mitochondrial_proteins.svg, data/figures/figure3/structural_go_terms.svg, data/figures/figure3/metabolic_go_terms.svg
    jobid: 0
    reason: Input files updated by another job: data/figures/figure2/myh6.svg, data/figures/figure2/gsea.svg, data/figures/figure2/cor_i_vs_ii.svg, data/top25_upregulated.csv, data/figures/figure3/ribosomal_proteins.svg, data/figures/figure3/volcanoes.svg, data/myh6_abundances.csv, data/figures/figure3/mitochondrial_proteins.svg, data/figures/figure2/cor_res_vs_b2a.svg, data/figures/figure2/venn.svg, data/figures/figure3/metabolic_go_terms.svg, data/figures/figure2/top25_upregulated.svg, data/figures/figure3/structural_go_terms.svg, data/figures/figure2/volcanoes.svg, data/correlations_i_vs_ii.csv, data/correlations_res_vs_b2a.csv, data/figures/figure3/gsea.svg
    resources: tmpdir=/tmp

[Wed Aug  6 11:21:51 2025]
Finished job 0.
3 of 3 steps (100%) done
Complete log: .snakemake/log/2025-08-06T112036.914378.snakemake.log
