Building DAG of jobs...
Using shell: /usr/bin/bash
Provided cores: 10
Rules claiming more threads will be scaled down.
Job stats:
job                 count
----------------  -------
all                     1
data_prep               1
figure1                 1
figure2                 1
figure3                 1
gsea                    1
gsea_interaction        1
limma                   1
total                   8

Select jobs to execute...

[Wed Aug  6 11:36:41 2025]
rule data_prep:
    input: R/settings.R, data-raw/proteomic_data.csv, data-raw/design.xlsx, data-raw/keywords.xlsx, data-raw/mitocarta.xls
    output: data/metadata.rds, data/se_raw.rds, data/se.rds, data/df_long.rds, data/df_long_l2fc.rds, data/df_long_l2fc_mean.rds
    jobid: 2
    reason: Updated input files: R/settings.R
    resources: tmpdir=/tmp

[Wed Aug  6 11:36:57 2025]
Finished job 2.
1 of 8 steps (12%) done
Select jobs to execute...

[Wed Aug  6 11:36:57 2025]
rule limma:
    input: data/se.rds
    output: data/results_main.rds, data/results_i.rds, data/results_ii.rds, data/results_interaction.rds, data/results_ter_main.rds, data/results_ter_i.rds, data/results_ter_ii.rds, data/results_ter_interaction.rds, data/results_res_main.rds, data/results_res_i.rds, data/results_res_ii.rds, data/results_res_interaction.rds, data/results.rds, data/results_i_and_ii_interaction.rds, data/results_i_interaction.rds, data/results_ii_interaction.rds, data/results_myh_ii_vs_i.rds
    jobid: 1
    reason: Input files updated by another job: data/se.rds
    resources: tmpdir=/tmp

[Wed Aug  6 11:37:26 2025]
Finished job 1.
2 of 8 steps (25%) done
Select jobs to execute...

[Wed Aug  6 11:37:26 2025]
rule gsea:
    input: R/settings.R, data/results_res_main.rds, data/results_res_i.rds, data/results_res_ii.rds, data/results_res_interaction.rds, data/results_ter_main.rds, data/results_ter_i.rds, data/results_ter_ii.rds, data/results_ter_interaction.rds
    output: data/gsea_res_i.rds, data/gsea_res_ii.rds, data/gsea_ter_i.rds, data/gsea_ter_ii.rds, data/gsea_all.rds, data/gsea/gsea_results_res_i.csv, data/gsea/gsea_results_res_ii.csv, data/gsea/gsea_results_ter_i.csv, data/gsea/gsea_results_ter_ii.csv, data/gsea/gsea_results_all.csv
    jobid: 3
    reason: Input files updated by another job: data/results_ter_interaction.rds, data/results_res_i.rds, data/results_ter_i.rds, data/results_ter_ii.rds, data/results_res_main.rds, data/results_res_interaction.rds, data/results_res_ii.rds, data/results_ter_main.rds
    resources: tmpdir=/tmp

[Wed Aug  6 11:37:26 2025]
rule figure1:
    input: R/functions.R, R/settings.R, data/df_long.rds, data/results_myh_ii_vs_i.rds, data/se_raw.rds, data/se.rds, data/metadata.rds
    output: data/myh_distribution.csv, data/figures/figure1/myh_distribution.svg, data/figures/figure1/venn_myh.svg, data/figures/figure1/median_log10_intensity.svg, data/figures/figure1/myh_volcano.svg, data/figures/figure1/PCA.svg, data/figures/figure1/loadings.svg
    jobid: 5
    reason: Input files updated by another job: data/se_raw.rds, data/se.rds, data/results_myh_ii_vs_i.rds, data/metadata.rds, data/df_long.rds
    resources: tmpdir=/tmp


[Wed Aug  6 11:37:26 2025]
rule gsea_interaction:
    input: R/settings.R, data/results_i_and_ii_interaction.rds, data/results_i_interaction.rds, data/results_ii_interaction.rds
    output: data/gsea_i_and_ii_interaction.rds, data/gsea_i_interaction.rds, data/gsea_ii_interaction.rds, data/gsea/gsea_results_i_and_ii_interaction.csv, data/gsea/gsea_results_i_interaction.csv, data/gsea/gsea_results_ii_interaction.csv
    jobid: 4
    reason: Input files updated by another job: data/results_i_and_ii_interaction.rds, data/results_i_interaction.rds, data/results_ii_interaction.rds
    resources: tmpdir=/tmp

[Wed Aug  6 11:37:41 2025]
Finished job 5.
3 of 8 steps (38%) done
[Wed Aug  6 11:38:33 2025]
Finished job 3.
4 of 8 steps (50%) done
Select jobs to execute...

[Wed Aug  6 11:38:33 2025]
rule figure2:
    input: R/functions.R, R/settings.R, data/df_long.rds, data/df_long_l2fc.rds, data/df_long_l2fc_mean.rds, data/results_main.rds, data/results_i.rds, data/results_ii.rds, data/results_interaction.rds, data/results_ter_main.rds, data/results_ter_i.rds, data/results_ter_ii.rds, data/results_ter_interaction.rds, data/results_res_main.rds, data/results_res_i.rds, data/results_res_ii.rds, data/results_res_interaction.rds, data/gsea_all.rds
    output: data/top25_upregulated.csv, data/myh6_abundances.csv, data/correlations_i_vs_ii.csv, data/correlations_res_vs_b2a.csv, data/figures/figure2/volcanoes.svg, data/figures/figure2/venn.svg, data/figures/figure2/top25_upregulated.svg, data/figures/figure2/myh6.svg, data/figures/figure2/cor_i_vs_ii.svg, data/figures/figure2/cor_res_vs_b2a.svg, data/figures/figure2/gsea.svg
    jobid: 6
    reason: Input files updated by another job: data/results_ter_interaction.rds, data/results_ter_i.rds, data/results_interaction.rds, data/results_res_i.rds, data/results_main.rds, data/results_i.rds, data/results_ter_ii.rds, data/results_res_main.rds, data/results_res_interaction.rds, data/gsea_all.rds, data/df_long_l2fc_mean.rds, data/results_res_ii.rds, data/df_long_l2fc.rds, data/results_ter_main.rds, data/results_ii.rds, data/df_long.rds
    resources: tmpdir=/tmp

[Wed Aug  6 11:38:43 2025]
Finished job 4.
5 of 8 steps (62%) done
Select jobs to execute...

[Wed Aug  6 11:38:43 2025]
rule figure3:
    input: R/functions.R, R/settings.R, data/df_long.rds, data/df_long_l2fc.rds, data/results_i_and_ii_interaction.rds, data/results_i_interaction.rds, data/results_ii_interaction.rds, data/gsea_i_and_ii_interaction.rds, data/gsea_i_interaction.rds, data/gsea_ii_interaction.rds
    output: data/figures/figure3/volcanoes.svg, data/figures/figure3/gsea.svg, data/figures/figure3/ribosomal_proteins.svg, data/figures/figure3/mitochondrial_proteins.svg, data/figures/figure3/structural_go_terms.svg, data/figures/figure3/metabolic_go_terms.svg
    jobid: 7
    reason: Input files updated by another job: data/results_ii_interaction.rds, data/gsea_i_interaction.rds, data/results_i_and_ii_interaction.rds, data/gsea_i_and_ii_interaction.rds, data/df_long_l2fc.rds, data/gsea_ii_interaction.rds, data/results_i_interaction.rds, data/df_long.rds
    resources: tmpdir=/tmp

[Wed Aug  6 11:38:44 2025]
Finished job 6.
6 of 8 steps (75%) done
[Wed Aug  6 11:39:59 2025]
Finished job 7.
7 of 8 steps (88%) done
Select jobs to execute...

[Wed Aug  6 11:39:59 2025]
localrule all:
    input: data/results.rds, data/results_i_and_ii_interaction.rds, data/results_i_interaction.rds, data/results_ii_interaction.rds, data/results_myh_ii_vs_i.rds, data/gsea_res_i.rds, data/gsea_res_ii.rds, data/gsea_ter_i.rds, data/gsea_ter_ii.rds, data/gsea_all.rds, data/gsea_i_and_ii_interaction.rds, data/gsea_i_interaction.rds, data/gsea_ii_interaction.rds, data/gsea/gsea_results_res_i.csv, data/gsea/gsea_results_res_ii.csv, data/gsea/gsea_results_ter_i.csv, data/gsea/gsea_results_ter_ii.csv, data/gsea/gsea_results_all.csv, data/gsea/gsea_results_i_and_ii_interaction.csv, data/gsea/gsea_results_i_interaction.csv, data/gsea/gsea_results_ii_interaction.csv, data/myh_distribution.csv, data/figures/figure1/myh_distribution.svg, data/figures/figure1/venn_myh.svg, data/figures/figure1/median_log10_intensity.svg, data/figures/figure1/myh_volcano.svg, data/figures/figure1/PCA.svg, data/figures/figure1/loadings.svg, data/top25_upregulated.csv, data/myh6_abundances.csv, data/correlations_i_vs_ii.csv, data/correlations_res_vs_b2a.csv, data/figures/figure2/volcanoes.svg, data/figures/figure2/venn.svg, data/figures/figure2/top25_upregulated.svg, data/figures/figure2/myh6.svg, data/figures/figure2/cor_i_vs_ii.svg, data/figures/figure2/cor_res_vs_b2a.svg, data/figures/figure2/gsea.svg, data/figures/figure3/volcanoes.svg, data/figures/figure3/gsea.svg, data/figures/figure3/ribosomal_proteins.svg, data/figures/figure3/mitochondrial_proteins.svg, data/figures/figure3/structural_go_terms.svg, data/figures/figure3/metabolic_go_terms.svg
    jobid: 0
    reason: Input files updated by another job: data/gsea_ter_i.rds, data/figures/figure1/PCA.svg, data/figures/figure2/volcanoes.svg, data/gsea/gsea_results_all.csv, data/gsea/gsea_results_res_i.csv, data/figures/figure2/gsea.svg, data/figures/figure3/volcanoes.svg, data/gsea_res_ii.rds, data/gsea/gsea_results_i_and_ii_interaction.csv, data/figures/figure1/myh_distribution.svg, data/gsea_i_and_ii_interaction.rds, data/gsea_ii_interaction.rds, data/myh_distribution.csv, data/figures/figure3/structural_go_terms.svg, data/gsea/gsea_results_ii_interaction.csv, data/results.rds, data/gsea_i_interaction.rds, data/results_i_and_ii_interaction.rds, data/figures/figure3/ribosomal_proteins.svg, data/gsea_all.rds, data/myh6_abundances.csv, data/figures/figure1/median_log10_intensity.svg, data/gsea_res_i.rds, data/figures/figure3/gsea.svg, data/figures/figure2/myh6.svg, data/top25_upregulated.csv, data/gsea/gsea_results_res_ii.csv, data/figures/figure1/myh_volcano.svg, data/figures/figure1/loadings.svg, data/correlations_i_vs_ii.csv, data/figures/figure2/venn.svg, data/results_ii_interaction.rds, data/gsea/gsea_results_ter_i.csv, data/figures/figure1/venn_myh.svg, data/gsea/gsea_results_i_interaction.csv, data/figures/figure3/mitochondrial_proteins.svg, data/figures/figure3/metabolic_go_terms.svg, data/correlations_res_vs_b2a.csv, data/figures/figure2/cor_res_vs_b2a.svg, data/results_myh_ii_vs_i.rds, data/figures/figure2/cor_i_vs_ii.svg, data/results_i_interaction.rds, data/gsea/gsea_results_ter_ii.csv, data/figures/figure2/top25_upregulated.svg, data/gsea_ter_ii.rds
    resources: tmpdir=/tmp

[Wed Aug  6 11:39:59 2025]
Finished job 0.
8 of 8 steps (100%) done
Complete log: .snakemake/log/2025-08-06T113640.872812.snakemake.log
