Building DAG of jobs...
Using shell: /usr/bin/bash
Provided cores: 10
Rules claiming more threads will be scaled down.
Job stats:
job        count
-------  -------
figure3        1
total          1

Select jobs to execute...

[Wed Aug  6 11:01:16 2025]
rule figure3:
    input: R/functions.R, R/settings.R, data/df_long_l2fc.rds, data/results_i_and_ii_interaction.rds, data/results_i_interaction.rds, data/results_ii_interaction.rds, data/gsea_i_and_ii_interaction.rds, data/gsea_i_interaction.rds, data/gsea_ii_interaction.rds
    output: data/figures/figure3/volcanoes.svg, data/figures/figure3/gsea.svg, data/figures/figure3/ribosomal_proteins.svg, data/figures/figure3/mitochondrial_proteins.svg, data/figures/figure3/structural_go_terms.svg, data/figures/figure3/metabolic_go_terms.svg
    jobid: 0
    reason: Missing output files: data/figures/figure3/gsea.svg, data/figures/figure3/structural_go_terms.svg, data/figures/figure3/mitochondrial_proteins.svg, data/figures/figure3/ribosomal_proteins.svg, data/figures/figure3/metabolic_go_terms.svg
    resources: tmpdir=/tmp

[Wed Aug  6 11:01:19 2025]
Error in rule figure3:
    jobid: 0
    input: R/functions.R, R/settings.R, data/df_long_l2fc.rds, data/results_i_and_ii_interaction.rds, data/results_i_interaction.rds, data/results_ii_interaction.rds, data/gsea_i_and_ii_interaction.rds, data/gsea_i_interaction.rds, data/gsea_ii_interaction.rds
    output: data/figures/figure3/volcanoes.svg, data/figures/figure3/gsea.svg, data/figures/figure3/ribosomal_proteins.svg, data/figures/figure3/mitochondrial_proteins.svg, data/figures/figure3/structural_go_terms.svg, data/figures/figure3/metabolic_go_terms.svg

RuleException:
CalledProcessError in file /home/sj/repos/manuscript_beta2_single_fiber_snakemake/snakefile, line 262:
Command 'set -euo pipefail;  Rscript --vanilla /home/sj/repos/manuscript_beta2_single_fiber_snakemake/.snakemake/scripts/tmpm_fi4e23.figure3.R' returned non-zero exit status 1.
  File "/home/sj/repos/manuscript_beta2_single_fiber_snakemake/snakefile", line 262, in __rule_figure3
  File "/home/sj/miniforge3/envs/snakemake_env/lib/python3.11/concurrent/futures/thread.py", line 58, in run
Shutting down, this might take some time.
Exiting because a job execution failed. Look above for error message
Complete log: .snakemake/log/2025-08-06T110116.360050.snakemake.log
